\BOOKMARK [1][-]{section.1}{\376\377\000I\000n\000t\000r\000o\000d\000u\000c\000t\000i\000o\000n}{}% 1
\BOOKMARK [2][-]{subsection.1.1}{\376\377\000B\000a\000c\000k\000g\000r\000o\000u\000n\000d}{section.1}% 2
\BOOKMARK [2][-]{subsection.1.2}{\376\377\000P\000r\000o\000p\000o\000s\000e\000d\000\040\000Q\000R\000\040\000C\000o\000d\000e\000-\000B\000a\000s\000e\000d\000\040\000S\000o\000l\000u\000t\000i\000o\000n\000s}{section.1}% 3
\BOOKMARK [2][-]{subsection.1.3}{\376\377\000P\000r\000o\000p\000o\000s\000e\000d\000\040\000N\000o\000n\000-\000Q\000R\000\040\000C\000o\000d\000e\000-\000B\000a\000s\000e\000d\000\040\000S\000o\000l\000u\000t\000i\000o\000n\000s}{section.1}% 4
\BOOKMARK [2][-]{subsection.1.4}{\376\377\000B\000e\000n\000e\000f\000i\000t\000s\000\040\000a\000n\000d\000\040\000L\000i\000m\000i\000t\000a\000t\000i\000o\000n\000s\000\040\000o\000f\000\040\000E\000x\000i\000s\000t\000i\000n\000g\000\040\000W\000o\000r\000k\000s}{section.1}% 5
\BOOKMARK [2][-]{subsection.1.5}{\376\377\000O\000b\000j\000e\000c\000t\000i\000v\000e\000s}{section.1}% 6
\BOOKMARK [1][-]{section.2}{\376\377\000P\000r\000o\000p\000o\000s\000e\000d\000\040\000S\000y\000s\000t\000e\000m}{}% 7
\BOOKMARK [2][-]{subsection.2.1}{\376\377\000P\000r\000o\000p\000o\000s\000e\000d\000\040\000I\000m\000p\000r\000o\000v\000e\000m\000e\000n\000t\000s\000\040\000t\000o\000\040\000E\000x\000i\000s\000t\000i\000n\000g\000\040\000M\000e\000t\000h\000o\000d\000s}{section.2}% 8
\BOOKMARK [2][-]{subsection.2.2}{\376\377\000N\000o\000v\000e\000l\000t\000y}{section.2}% 9
\BOOKMARK [2][-]{subsection.2.3}{\376\377\000U\000s\000e\000\040\000C\000a\000s\000e\000s\000\040\000a\000n\000d\000\040\000I\000m\000p\000a\000c\000t}{section.2}% 10
\BOOKMARK [2][-]{subsection.2.4}{\376\377\000C\000h\000a\000l\000l\000e\000n\000g\000e\000s\000\040\000i\000n\000\040\000D\000e\000v\000e\000l\000o\000p\000i\000n\000g\000\040\000a\000\040\000N\000e\000w\000\040\000S\000y\000s\000t\000e\000m}{section.2}% 11
\BOOKMARK [1][-]{section.3}{\376\377\000S\000y\000s\000t\000e\000m\000\040\000D\000e\000s\000i\000g\000n\000\040\000a\000n\000d\000\040\000M\000e\000t\000h\000o\000d\000o\000l\000o\000g\000y}{}% 12
\BOOKMARK [2][-]{subsection.3.1}{\376\377\000O\000v\000e\000r\000v\000i\000e\000w\000\040\000o\000f\000\040\000S\000y\000s\000t\000e\000m\000\040\000D\000e\000s\000i\000g\000n}{section.3}% 13
\BOOKMARK [3][-]{subsubsection.3.1.1}{\376\377\000F\000u\000n\000c\000t\000i\000o\000n\000a\000l\000\040\000R\000e\000q\000u\000i\000r\000e\000m\000e\000n\000t\000s}{subsection.3.1}% 14
\BOOKMARK [3][-]{subsubsection.3.1.2}{\376\377\000N\000o\000n\000f\000u\000n\000c\000t\000i\000o\000n\000a\000l\000\040\000R\000e\000q\000u\000i\000r\000e\000m\000e\000n\000t\000s}{subsection.3.1}% 15
\BOOKMARK [3][-]{subsubsection.3.1.3}{\376\377\000K\000e\000y\000\040\000F\000e\000a\000t\000u\000r\000e\000s}{subsection.3.1}% 16
\BOOKMARK [3][-]{subsubsection.3.1.4}{\376\377\000S\000t\000a\000k\000e\000h\000o\000l\000d\000e\000r\000s\000\040\000i\000d\000e\000n\000t\000i\000f\000i\000c\000a\000t\000i\000o\000n}{subsection.3.1}% 17
\BOOKMARK [3][-]{subsubsection.3.1.5}{\376\377\000U\000s\000e\000\040\000C\000a\000s\000e\000\040\000D\000i\000a\000g\000r\000a\000m}{subsection.3.1}% 18
\BOOKMARK [2][-]{subsection.3.2}{\376\377\000M\000e\000t\000h\000o\000d\000o\000l\000o\000g\000y}{section.3}% 19
\BOOKMARK [3][-]{subsubsection.3.2.1}{\376\377\000R\000e\000s\000e\000a\000r\000c\000h\000\040\000M\000e\000t\000h\000o\000d\000o\000l\000o\000g\000y}{subsection.3.2}% 20
\BOOKMARK [3][-]{subsubsection.3.2.2}{\376\377\000D\000e\000v\000e\000l\000o\000p\000m\000e\000n\000t\000\040\000M\000e\000t\000h\000o\000d\000o\000l\000o\000g\000y}{subsection.3.2}% 21
\BOOKMARK [3][-]{subsubsection.3.2.3}{\376\377\000D\000e\000v\000e\000l\000o\000p\000m\000e\000n\000t\000\040\000P\000r\000o\000c\000e\000s\000s}{subsection.3.2}% 22
\BOOKMARK [3][-]{subsubsection.3.2.4}{\376\377\000D\000a\000t\000a\000\040\000C\000o\000l\000l\000e\000c\000t\000i\000o\000n}{subsection.3.2}% 23
\BOOKMARK [2][-]{subsection.3.3}{\376\377\000S\000y\000s\000t\000e\000m\000\040\000A\000r\000c\000h\000i\000t\000e\000c\000t\000u\000r\000e}{section.3}% 24
\BOOKMARK [2][-]{subsection.3.4}{\376\377\000S\000y\000s\000t\000e\000m\000\040\000W\000o\000r\000k\000f\000l\000o\000w}{section.3}% 25
\BOOKMARK [3][-]{subsubsection.3.4.1}{\376\377\000A\000c\000c\000o\000u\000n\000t\000\040\000L\000o\000g\000-\000i\000n}{subsection.3.4}% 26
\BOOKMARK [3][-]{subsubsection.3.4.2}{\376\377\000A\000t\000t\000e\000n\000d\000a\000n\000c\000e\000\040\000C\000o\000n\000f\000i\000r\000m\000a\000t\000i\000o\000n}{subsection.3.4}% 27
\BOOKMARK [3][-]{subsubsection.3.4.3}{\376\377\000S\000t\000u\000d\000e\000n\000t\000\040\000U\000s\000e\000r\000s\000\040\000V\000i\000e\000w\000i\000n\000g\000\040\000S\000t\000a\000t\000i\000s\000t\000i\000c\000s}{subsection.3.4}% 28
\BOOKMARK [3][-]{subsubsection.3.4.4}{\376\377\000C\000r\000e\000a\000t\000i\000n\000g\000\040\000Q\000R\000\040\000C\000o\000d\000e\000s}{subsection.3.4}% 29
\BOOKMARK [3][-]{subsubsection.3.4.5}{\376\377\000V\000i\000e\000w\000i\000n\000g\000\040\000S\000t\000u\000d\000e\000n\000t\000\040\000S\000t\000a\000t\000i\000s\000t\000i\000c\000s}{subsection.3.4}% 30
\BOOKMARK [2][-]{subsection.3.5}{\376\377\000T\000e\000c\000h\000n\000i\000c\000a\000l\000\040\000O\000v\000e\000r\000v\000i\000e\000w}{section.3}% 31
\BOOKMARK [2][-]{subsection.3.6}{\376\377\000C\000o\000m\000p\000o\000n\000e\000n\000t\000s}{section.3}% 32
\BOOKMARK [3][-]{subsubsection.3.6.1}{\376\377\000F\000r\000o\000n\000t\000e\000n\000d\000\040\000C\000o\000m\000p\000o\000n\000e\000n\000t\000s}{subsection.3.6}% 33
\BOOKMARK [3][-]{subsubsection.3.6.2}{\376\377\000B\000a\000c\000k\000e\000n\000d\000\040\000C\000o\000m\000p\000o\000n\000e\000n\000t\000s}{subsection.3.6}% 34
\BOOKMARK [2][-]{subsection.3.7}{\376\377\000D\000a\000t\000a\000b\000a\000s\000e\000\040\000S\000c\000h\000e\000m\000a}{section.3}% 35
\BOOKMARK [3][-]{subsubsection.3.7.1}{\376\377\000S\000y\000s\000t\000e\000m\000\040\000S\000c\000o\000p\000e\000\040\000a\000n\000d\000\040\000I\000n\000t\000e\000g\000r\000a\000t\000i\000o\000n}{subsection.3.7}% 36
\BOOKMARK [3][-]{subsubsection.3.7.2}{\376\377\000B\000u\000s\000i\000n\000e\000s\000s\000\040\000R\000u\000l\000e\000s\000\040\000a\000n\000d\000\040\000C\000o\000n\000s\000t\000r\000a\000i\000n\000t\000s}{subsection.3.7}% 37
\BOOKMARK [2][-]{subsection.3.8}{\376\377\000A\000n\000a\000l\000y\000t\000i\000c\000s}{section.3}% 38
\BOOKMARK [3][-]{subsubsection.3.8.1}{\376\377\000L\000e\000c\000t\000u\000r\000e\000r\000\040\000A\000n\000a\000l\000y\000t\000i\000c\000s}{subsection.3.8}% 39
\BOOKMARK [1][-]{section.4}{\376\377\000I\000m\000p\000l\000e\000m\000e\000n\000t\000a\000t\000i\000o\000n}{}% 40
\BOOKMARK [2][-]{subsection.4.1}{\376\377\000S\000e\000c\000u\000r\000i\000t\000y\000\040\000M\000e\000a\000s\000u\000r\000e\000s}{section.4}% 41
\BOOKMARK [3][-]{subsubsection.4.1.1}{\376\377\000U\000s\000e\000r\000\040\000A\000u\000t\000h\000e\000n\000t\000i\000c\000a\000t\000i\000o\000n}{subsection.4.1}% 42
\BOOKMARK [3][-]{subsubsection.4.1.2}{\376\377\000R\000o\000l\000e\000-\000B\000a\000s\000e\000d\000\040\000A\000c\000c\000e\000s\000s\000\040\000a\000n\000d\000\040\000I\000n\000f\000o\000r\000m\000a\000t\000i\000o\000n\000\040\000S\000e\000g\000r\000e\000g\000a\000t\000i\000o\000n}{subsection.4.1}% 43
\BOOKMARK [3][-]{subsubsection.4.1.3}{\376\377\000R\000e\000t\000e\000n\000t\000i\000o\000n\000\040\000P\000e\000r\000i\000o\000d\000s\000\040\000f\000o\000r\000\040\000S\000e\000n\000s\000i\000t\000i\000v\000e\000\040\000I\000n\000f\000o\000r\000m\000a\000t\000i\000o\000n}{subsection.4.1}% 44
\BOOKMARK [3][-]{subsubsection.4.1.4}{\376\377\000R\000a\000n\000d\000o\000m\000i\000s\000e\000d\000\040\000Q\000R\000\040\000C\000o\000d\000e\000\040\000I\000n\000f\000o\000r\000m\000a\000t\000i\000o\000n}{subsection.4.1}% 45
\BOOKMARK [3][-]{subsubsection.4.1.5}{\376\377\000S\000e\000c\000u\000r\000e\000\040\000S\000i\000t\000e\000\040\000C\000o\000n\000n\000e\000c\000t\000i\000o\000n}{subsection.4.1}% 46
\BOOKMARK [3][-]{subsubsection.4.1.6}{\376\377\000P\000r\000i\000v\000a\000c\000y\000\040\000P\000o\000l\000i\000c\000y}{subsection.4.1}% 47
\BOOKMARK [1][-]{section.5}{\376\377\000T\000e\000s\000t\000i\000n\000g\000\040\000a\000n\000d\000\040\000E\000v\000a\000l\000u\000a\000t\000i\000o\000n}{}% 48
\BOOKMARK [2][-]{subsection.5.1}{\376\377\000T\000e\000s\000t\000i\000n\000g\000\040\000M\000e\000t\000h\000o\000d\000o\000l\000o\000g\000y}{section.5}% 49
\BOOKMARK [2][-]{subsection.5.2}{\376\377\000T\000e\000s\000t\000\040\000T\000y\000p\000e\000s}{section.5}% 50
\BOOKMARK [2][-]{subsection.5.3}{\376\377\000T\000e\000s\000t\000i\000n\000g\000\040\000E\000n\000v\000i\000r\000o\000n\000m\000e\000n\000t}{section.5}% 51
\BOOKMARK [2][-]{subsection.5.4}{\376\377\000T\000e\000s\000t\000i\000n\000g\000\040\000T\000o\000o\000l\000s}{section.5}% 52
\BOOKMARK [2][-]{subsection.5.5}{\376\377\000A\000c\000c\000e\000p\000t\000a\000n\000c\000e\000\040\000T\000e\000s\000t\000\040\000S\000c\000e\000n\000a\000r\000i\000o\000s\000\040\000a\000n\000d\000\040\000O\000u\000t\000c\000o\000m\000e\000s}{section.5}% 53
\BOOKMARK [2][-]{subsection.5.6}{\376\377\000N\000o\000n\000-\000f\000u\000n\000c\000t\000i\000o\000n\000a\000l\000\040\000E\000v\000a\000l\000u\000a\000t\000i\000o\000n}{section.5}% 54
\BOOKMARK [3][-]{subsubsection.5.6.1}{\376\377\000S\000e\000c\000u\000r\000i\000t\000y}{subsection.5.6}% 55
\BOOKMARK [3][-]{subsubsection.5.6.2}{\376\377\000G\000e\000o\000l\000o\000c\000a\000t\000i\000o\000n\000\040\000A\000c\000c\000u\000r\000a\000c\000y}{subsection.5.6}% 56
\BOOKMARK [3][-]{subsubsection.5.6.3}{\376\377\000C\000o\000m\000p\000a\000t\000i\000b\000i\000l\000i\000t\000y}{subsection.5.6}% 57
\BOOKMARK [2][-]{subsection.5.7}{\376\377\000T\000e\000s\000t\000\040\000R\000e\000s\000u\000l\000t\000s}{section.5}% 58
\BOOKMARK [3][-]{subsubsection.5.7.1}{\376\377\000U\000n\000i\000t\000\040\000T\000e\000s\000t\000i\000n\000g\000\040\000R\000e\000s\000u\000l\000t\000s}{subsection.5.7}% 59
\BOOKMARK [3][-]{subsubsection.5.7.2}{\376\377\000I\000n\000t\000e\000g\000r\000a\000t\000i\000o\000n\000\040\000T\000e\000s\000t\000i\000n\000g\000\040\000R\000e\000s\000u\000l\000t\000s}{subsection.5.7}% 60
\BOOKMARK [3][-]{subsubsection.5.7.3}{\376\377\000D\000e\000f\000e\000c\000t\000s\000\040\000F\000o\000u\000n\000d\000\040\000a\000n\000d\000\040\000R\000e\000s\000o\000l\000v\000e\000d}{subsection.5.7}% 61
\BOOKMARK [1][-]{section.6}{\376\377\000D\000i\000s\000c\000u\000s\000s\000i\000o\000n}{}% 62
\BOOKMARK [2][-]{subsection.6.1}{\376\377\000N\000o\000v\000e\000l\000t\000y\000\040\000a\000s\000\040\000I\000m\000p\000l\000e\000m\000e\000n\000t\000e\000d}{section.6}% 63
\BOOKMARK [2][-]{subsection.6.2}{\376\377\000B\000e\000n\000e\000f\000i\000t\000s\000\040\000a\000n\000d\000\040\000I\000m\000p\000l\000i\000c\000a\000t\000i\000o\000n\000s}{section.6}% 64
\BOOKMARK [2][-]{subsection.6.3}{\376\377\000C\000h\000a\000l\000l\000e\000n\000g\000e\000s\000\040\000F\000a\000c\000e\000d}{section.6}% 65
\BOOKMARK [3][-]{subsubsection.6.3.1}{\376\377\000C\000h\000a\000n\000g\000e\000s\000\040\000t\000o\000\040\000D\000a\000t\000a\000b\000a\000s\000e\000\040\000D\000e\000s\000i\000g\000n}{subsection.6.3}% 66
\BOOKMARK [3][-]{subsubsection.6.3.2}{\376\377\000S\000k\000i\000l\000l\000\040\000D\000e\000v\000e\000l\000o\000p\000m\000e\000n\000t}{subsection.6.3}% 67
\BOOKMARK [3][-]{subsubsection.6.3.3}{\376\377\000T\000i\000m\000e\000\040\000L\000i\000m\000i\000t\000a\000t\000i\000o\000n\000s}{subsection.6.3}% 68
\BOOKMARK [3][-]{subsubsection.6.3.4}{\376\377\000V\000e\000r\000i\000f\000i\000c\000a\000t\000i\000o\000n\000\040\000f\000o\000r\000\040\000O\000n\000l\000i\000n\000e\000\040\000S\000t\000u\000d\000e\000n\000t\000s}{subsection.6.3}% 69
\BOOKMARK [2][-]{subsection.6.4}{\376\377\000L\000e\000s\000s\000o\000n\000s\000\040\000L\000e\000a\000r\000n\000e\000d}{section.6}% 70
\BOOKMARK [2][-]{subsection.6.5}{\376\377\000L\000i\000m\000i\000t\000a\000t\000i\000o\000n\000s}{section.6}% 71
\BOOKMARK [3][-]{subsubsection.6.5.1}{\376\377\000S\000i\000g\000n\000\040\000i\000n\000\040\000F\000o\000r\000\040\000S\000t\000u\000d\000e\000n\000t\000s\000\040\000W\000i\000t\000h\000o\000u\000t\000\040\000M\000o\000b\000i\000l\000e\000\040\000D\000e\000v\000i\000c\000e\000s}{subsection.6.5}% 72
\BOOKMARK [3][-]{subsubsection.6.5.2}{\376\377\000O\000n\000l\000i\000n\000e\000\040\000S\000i\000g\000n\000-\000i\000n\000\040\000B\000y\000p\000a\000s\000s}{subsection.6.5}% 73
\BOOKMARK [2][-]{subsection.6.6}{\376\377\000F\000u\000t\000u\000r\000e\000\040\000W\000o\000r\000k}{section.6}% 74
\BOOKMARK [3][-]{subsubsection.6.6.1}{\376\377\000O\000n\000l\000i\000n\000e\000\040\000S\000t\000u\000d\000e\000n\000t\000\040\000T\000r\000a\000c\000k\000i\000n\000g}{subsection.6.6}% 75
\BOOKMARK [3][-]{subsubsection.6.6.2}{\376\377\000I\000m\000p\000r\000o\000v\000e\000d\000\040\000A\000c\000c\000e\000s\000s\000i\000b\000i\000l\000i\000t\000y\000\040\000F\000e\000a\000t\000u\000r\000e\000s}{subsection.6.6}% 76
\BOOKMARK [3][-]{subsubsection.6.6.3}{\376\377\000C\000h\000e\000c\000k\000-\000i\000n\000\040\000F\000o\000r\000\040\000S\000t\000u\000d\000e\000n\000t\000s\000\040\000W\000i\000t\000h\000o\000u\000t\000\040\000D\000e\000v\000i\000c\000e\000\040\000A\000c\000c\000e\000s\000s}{subsection.6.6}% 77
\BOOKMARK [3][-]{subsubsection.6.6.4}{\376\377\000E\000n\000h\000a\000n\000c\000e\000d\000\040\000A\000n\000a\000l\000y\000t\000i\000c\000s}{subsection.6.6}% 78
\BOOKMARK [2][-]{subsection.6.7}{\376\377\000S\000c\000a\000l\000a\000b\000i\000l\000i\000t\000y\000\040\000a\000n\000d\000\040\000A\000d\000d\000i\000t\000i\000o\000n\000a\000l\000\040\000U\000s\000e\000s}{section.6}% 79
\BOOKMARK [1][-]{section.7}{\376\377\000C\000o\000n\000c\000l\000u\000s\000i\000o\000n}{}% 80
\BOOKMARK [1][-]{section.8}{\376\377\000A\000c\000k\000n\000o\000w\000l\000e\000d\000g\000m\000e\000n\000t}{}% 81
\BOOKMARK [1][-]{section*.2}{\376\377\000A\000p\000p\000e\000n\000d\000i\000x\000\040\000A\000:\000\040\000D\000e\000t\000a\000i\000l\000e\000d\000\040\000T\000e\000s\000t\000\040\000C\000a\000s\000e\000s}{}% 82
